STATUS: PSpice Schematics to Capture translator (17.2.0.d001)
STATUS:  
STATUS: Translator started at Friday, November 22, 2019 23:40:53
STATUS: C:\Cadence\SPB_17.2\tools\bin\sch2cap -f "C:\Users\Giselle\Desktop\classes\ecen 2440\ECEN2440-final-project\pspice\ncp1117\NCP1117 Model Library.slb" -o "C:\Users\Giselle\Desktop\classes\ecen 2440\ECEN2440-final-project\pspice\ncp1117\NCP1117 Model Library.OPJ" -i C:\Users\Giselle\AppData\Roaming\SPB_Data\cdssetup\OrCAD_PSpice/17.2.0/PSpice.ini -d 00000000005E0B54 -h  -p  -c  -z 
INFO(ORSCH-1031): Created new library 'C:\Users\Giselle\Desktop\classes\ecen 2440\ECEN2440-final-project\pspice\ncp1117\NCP1117 Model Library.olb'.
  ERROR: [S2C1027] Library not found: 1_shot.plb
  ERROR: [S2C1027] Library not found: 1_shot.slb
  ERROR: [S2C1027] Library not found: 7400.plb
  ERROR: [S2C1027] Library not found: 7400.slb
  ERROR: [S2C1027] Library not found: 74ac.plb
  ERROR: [S2C1027] Library not found: 74ac.slb
  ERROR: [S2C1027] Library not found: 74act.plb
  ERROR: [S2C1027] Library not found: 74act.slb
  ERROR: [S2C1027] Library not found: 74als.plb
  ERROR: [S2C1027] Library not found: 74als.slb
  ERROR: [S2C1027] Library not found: 74as.plb
  ERROR: [S2C1027] Library not found: 74as.slb
  ERROR: [S2C1027] Library not found: 74f.plb
  ERROR: [S2C1027] Library not found: 74f.slb
  ERROR: [S2C1027] Library not found: 74h.plb
  ERROR: [S2C1027] Library not found: 74h.slb
  ERROR: [S2C1027] Library not found: 74hc.plb
  ERROR: [S2C1027] Library not found: 74hc.slb
  ERROR: [S2C1027] Library not found: 74hct.plb
  ERROR: [S2C1027] Library not found: 74hct.slb
  ERROR: [S2C1027] Library not found: 74l.plb
  ERROR: [S2C1027] Library not found: 74l.slb
  ERROR: [S2C1027] Library not found: 74ls.plb
  ERROR: [S2C1027] Library not found: 74ls.slb
  ERROR: [S2C1027] Library not found: 74s.plb
  ERROR: [S2C1027] Library not found: 74s.slb
  ERROR: [S2C1027] Library not found: abm.slb
  ERROR: [S2C1027] Library not found: adv_lin.plb
  ERROR: [S2C1027] Library not found: adv_lin.slb
  ERROR: [S2C1027] Library not found: ana_swit.plb
  ERROR: [S2C1027] Library not found: ana_swit.slb
  ERROR: [S2C1027] Library not found: analog.plb
  ERROR: [S2C1027] Library not found: analog.slb
  ERROR: [S2C1027] Library not found: analog_p.slb
  ERROR: [S2C1027] Library not found: anl_misc.plb
  ERROR: [S2C1027] Library not found: anl_misc.slb
  ERROR: [S2C1027] Library not found: anlg_dev.plb
  ERROR: [S2C1027] Library not found: anlg_dev.slb
  ERROR: [S2C1027] Library not found: apex.plb
  ERROR: [S2C1027] Library not found: apex.slb
  ERROR: [S2C1027] Library not found: apex_pwm.slb
  ERROR: [S2C1027] Library not found: bipolar.plb
  ERROR: [S2C1027] Library not found: bipolar.slb
  ERROR: [S2C1027] Library not found: breakout.slb
  ERROR: [S2C1027] Library not found: burr_brn.plb
  ERROR: [S2C1027] Library not found: burr_brn.slb
  ERROR: [S2C1027] Library not found: cd4000.plb
  ERROR: [S2C1027] Library not found: cd4000.slb
  ERROR: [S2C1027] Library not found: cel.slb
  ERROR: [S2C1027] Library not found: comlinr.plb
  ERROR: [S2C1027] Library not found: comlinr.slb
  ERROR: [S2C1027] Library not found: connect.plb
  ERROR: [S2C1027] Library not found: connect.slb
  ERROR: [S2C1027] Library not found: darlngtn.slb
  ERROR: [S2C1027] Library not found: dataconv.plb
  ERROR: [S2C1027] Library not found: dataconv.slb
  ERROR: [S2C1027] Library not found: dc_prim.slb
  ERROR: [S2C1027] Library not found: dig_ecl.plb
  ERROR: [S2C1027] Library not found: dig_ecl.slb
  ERROR: [S2C1027] Library not found: dig_gal.plb
  ERROR: [S2C1027] Library not found: dig_gal.slb
  ERROR: [S2C1027] Library not found: dig_misc.slb
  ERROR: [S2C1027] Library not found: dig_pal.plb
  ERROR: [S2C1027] Library not found: dig_pal.slb
  ERROR: [S2C1027] Library not found: dig_prim.slb
  ERROR: [S2C1027] Library not found: diode.plb
  ERROR: [S2C1027] Library not found: diode.slb
  ERROR: [S2C1027] Library not found: ebipolar.plb
  ERROR: [S2C1027] Library not found: ebipolar.slb
  ERROR: [S2C1027] Library not found: ediode.plb
  ERROR: [S2C1027] Library not found: ediode.slb
  ERROR: [S2C1027] Library not found: elantec.plb
  ERROR: [S2C1027] Library not found: elantec.slb
  ERROR: [S2C1027] Library not found: epcos.slb
  ERROR: [S2C1027] Library not found: epwrbjt.plb
  ERROR: [S2C1027] Library not found: epwrbjt.slb
  ERROR: [S2C1027] Library not found: fairchild.slb
  ERROR: [S2C1027] Library not found: filtsub.slb
  ERROR: [S2C1027] Library not found: fwbell.slb
  ERROR: [S2C1027] Library not found: harris.plb
  ERROR: [S2C1027] Library not found: harris.slb
  ERROR: [S2C1027] Library not found: igbt.plb
  ERROR: [S2C1027] Library not found: igbt.slb
  ERROR: [S2C1027] Library not found: infineon.slb
  ERROR: [S2C1027] Library not found: ixys.slb
  ERROR: [S2C1027] Library not found: jbipolar.plb
  ERROR: [S2C1027] Library not found: jbipolar.slb
  ERROR: [S2C1027] Library not found: jdiode.plb
  ERROR: [S2C1027] Library not found: jdiode.slb
  ERROR: [S2C1027] Library not found: jfet.plb
  ERROR: [S2C1027] Library not found: jfet.slb
  ERROR: [S2C1027] Library not found: jjfet.plb
  ERROR: [S2C1027] Library not found: jjfet.slb
  ERROR: [S2C1027] Library not found: jopamp.plb
  ERROR: [S2C1027] Library not found: jopamp.slb
  ERROR: [S2C1027] Library not found: jpwrbjt.plb
  ERROR: [S2C1027] Library not found: jpwrbjt.slb
  ERROR: [S2C1027] Library not found: jpwrmos.plb
  ERROR: [S2C1027] Library not found: jpwrmos.slb
  ERROR: [S2C1027] Library not found: lin_tech.plb
  ERROR: [S2C1027] Library not found: lin_tech.slb
  ERROR: [S2C1027] Library not found: linedriv.plb
  ERROR: [S2C1027] Library not found: linedriv.slb
  ERROR: [S2C1027] Library not found: magnetic.slb
  ERROR: [S2C1027] Library not found: maxim.plb
  ERROR: [S2C1027] Library not found: maxim.slb
  ERROR: [S2C1027] Library not found: mix_misc.plb
  ERROR: [S2C1027] Library not found: mix_misc.slb
  ERROR: [S2C1027] Library not found: motor_rf.plb
  ERROR: [S2C1027] Library not found: motor_rf.slb
  ERROR: [S2C1027] Library not found: motorsen.plb
  ERROR: [S2C1027] Library not found: motorsen.slb
  ERROR: [S2C1027] Library not found: nat_semi.plb
  ERROR: [S2C1027] Library not found: nat_semi.slb
  ERROR: [S2C1027] Library not found: nec_mos.slb
  ERROR: [S2C1027] Library not found: on_amp.slb
  ERROR: [S2C1027] Library not found: on_bjt.slb
  ERROR: [S2C1027] Library not found: on_diode.slb
  ERROR: [S2C1027] Library not found: on_mos.slb
  ERROR: [S2C1027] Library not found: on_pwm.slb
  ERROR: [S2C1027] Library not found: opamp.plb
  ERROR: [S2C1027] Library not found: opamp.slb
  ERROR: [S2C1027] Library not found: opto.plb
  ERROR: [S2C1027] Library not found: opto.slb
  ERROR: [S2C1027] Library not found: phil_bjt.plb
  ERROR: [S2C1027] Library not found: phil_bjt.slb
  ERROR: [S2C1027] Library not found: phil_diode.slb
  ERROR: [S2C1027] Library not found: phil_fet.plb
  ERROR: [S2C1027] Library not found: phil_fet.slb
  ERROR: [S2C1027] Library not found: phil_rf.plb
  ERROR: [S2C1027] Library not found: phil_rf.slb
  ERROR: [S2C1027] Library not found: polyfet.plb
  ERROR: [S2C1027] Library not found: polyfet.slb
  ERROR: [S2C1027] Library not found: port.slb
  ERROR: [S2C1027] Library not found: pwrbjt.plb
  ERROR: [S2C1027] Library not found: pwrbjt.slb
  ERROR: [S2C1027] Library not found: pwrmos.plb
  ERROR: [S2C1027] Library not found: pwrmos.slb
  ERROR: [S2C1027] Library not found: shindngn.slb
  ERROR: [S2C1027] Library not found: source.slb
  ERROR: [S2C1027] Library not found: sourcstm.slb
  ERROR: [S2C1027] Library not found: special.slb
  ERROR: [S2C1027] Library not found: swit_rav.slb
  ERROR: [S2C1027] Library not found: swit_reg.plb
  ERROR: [S2C1027] Library not found: swit_reg.slb
  ERROR: [S2C1027] Library not found: tex_inst.plb
  ERROR: [S2C1027] Library not found: tex_inst.slb
  ERROR: [S2C1027] Library not found: thyristr.plb
  ERROR: [S2C1027] Library not found: thyristr.slb
  ERROR: [S2C1027] Library not found: tline.slb
  ERROR: [S2C1027] Library not found: xtal.slb
  ERROR: [S2C1027] Library not found: zetex.plb
  ERROR: [S2C1027] Library not found: zetex.slb
   WARN: [S2C2949] Markers are unavailable due to errors loading library
   INFO: [S2C2812] Unable to save cached symbol indexes to file C:\Cadence\SPB_17.2\tools\pspice\Backup\global.six, this will slow down future translations. Make sure there is enough disk space and the BACKUP directory exists
   INFO: [S2C2813] Unable to save cached package indexes to file C:\Cadence\SPB_17.2\tools\pspice\Backup\global.pix, this will slow down future translations.  Make sure there is enough disk space and the BACKUP directory exists
STATUS: Translator stopped at Friday, November 22, 2019 23:40:54
STATUS: 153 Error messages, 1 Warning messages
